#
# A fatal error has been detected by the Java Runtime Environment:
#
#  SIGSEGV (0xb) at pc=0x0000000168d6f970, pid=76297, tid=46879
#
# JRE version: OpenJDK Runtime Environment Zulu15.36+13-CA (15.0.5+3) (build 15.0.5+3-MTS)
# Java VM: OpenJDK 64-Bit Server VM Zulu15.36+13-CA (15.0.5+3-MTS, mixed mode, tiered, compressed oops, g1 gc, bsd-aarch64)
# Problematic frame:
# V  [libjvm.dylib+0x6bb970]  _ZNK6Method17is_not_compilableEi+0x10
#
# No core dump will be written. Core dumps have been disabled. To enable core dumping, try "ulimit -c unlimited" before starting Java again
#
# If you would like to submit a bug report, please visit:
#   http://www.azul.com/support/
#

---------------  S U M M A R Y ------------

Command Line: -Dfile.encoding=UTF8 -ea -Xmx1024m 

Host: MacBookAir10,1 arm64 1 MHz, 8 cores, 16G, Darwin 21.3.0
Time: Wed Jun  8 00:33:09 2022 KST elapsed time: 44.832936 seconds (0d 0h 0m 44s)

---------------  T H R E A D  ---------------

Current thread (0x0000000292623000):  JavaThread "Thread-0" [_thread_in_vm, id=46879, stack(0x0000000290104000,0x0000000290307000)]

Stack: [0x0000000290104000,0x0000000290307000],  sp=0x0000000290306550,  free space=2057k
Native frames: (J=compiled Java code, A=aot compiled Java code, j=interpreted, Vv=VM code, C=native code)
V  [libjvm.dylib+0x6bb970]  _ZNK6Method17is_not_compilableEi+0x10
V  [libjvm.dylib+0x224568]  _ZN17CompilationPolicy19compile_if_requiredERK12methodHandleP6Thread+0xb0
V  [libjvm.dylib+0x5f2924]  _ZN12LinkResolver32runtime_resolve_interface_methodER8CallInfoRK12methodHandleP5Klass6HandleS6_bP6Thread+0x410
V  [libjvm.dylib+0x5f3504]  _ZN12LinkResolver23resolve_invokeinterfaceER8CallInfo6HandleRK18constantPoolHandleiP6Thread+0xe0
V  [libjvm.dylib+0x3d9f88]  _ZN18InterpreterRuntime14resolve_invokeEP10JavaThreadN9Bytecodes4CodeE+0x250
V  [libjvm.dylib+0x3da590]  _ZN18InterpreterRuntime18resolve_from_cacheEP10JavaThreadN9Bytecodes4CodeE+0x7c
j  org.jpype.JPypeContext.shutdown()V+129
j  org.jpype.JPypeContext.access$100(Lorg/jpype/JPypeContext;)V+1
j  org.jpype.JPypeContext$1.run()V+3
j  java.lang.Thread.run()V+11 java.base@15.0.5
v  ~StubRoutines::call_stub
V  [libjvm.dylib+0x3e0588]  _ZN9JavaCalls11call_helperEP9JavaValueRK12methodHandleP17JavaCallArgumentsP6Thread+0x324
V  [libjvm.dylib+0x3df660]  _ZN9JavaCalls12call_virtualEP9JavaValueP5KlassP6SymbolS5_P17JavaCallArgumentsP6Thread+0xf8
V  [libjvm.dylib+0x3df728]  _ZN9JavaCalls12call_virtualEP9JavaValue6HandleP5KlassP6SymbolS6_P6Thread+0x64
V  [libjvm.dylib+0x48e028]  _ZL12thread_entryP10JavaThreadP6Thread+0xbc
V  [libjvm.dylib+0x8c39e0]  _ZN10JavaThread17thread_main_innerEv+0xa0
V  [libjvm.dylib+0x8c0edc]  _ZN6Thread8call_runEv+0x88
V  [libjvm.dylib+0x710ee4]  _ZL19thread_native_entryP6Thread+0x1d0
C  [libsystem_pthread.dylib+0x7240]  _pthread_start+0x94

Java frames: (J=compiled Java code, j=interpreted, Vv=VM code)
j  org.jpype.JPypeContext.shutdown()V+129
j  org.jpype.JPypeContext.access$100(Lorg/jpype/JPypeContext;)V+1
j  org.jpype.JPypeContext$1.run()V+3
j  java.lang.Thread.run()V+11 java.base@15.0.5
v  ~StubRoutines::call_stub

siginfo: si_signo: 11 (SIGSEGV), si_code: 2 (SEGV_ACCERR), si_addr: 0x000000016d808136

Register to memory mapping:

 x0=